Server running on port 8000
Serving directory: /home/user/webapp
31/Aug/2025 03:46:49 - "GET / HTTP/1.1" 200 -
31/Aug/2025 03:46:49 - "GET /images/heat-pump-installation.jpg HTTP/1.1" 200 -
31/Aug/2025 03:46:49 - "GET /images/heat-pump-exterior.jpg HTTP/1.1" 200 -
31/Aug/2025 03:46:49 - "GET /images/avatar2.jpg HTTP/1.1" 200 -
31/Aug/2025 03:46:49 - "GET /css/styles.css HTTP/1.1" 200 -
31/Aug/2025 03:46:49 - "GET /images/avatar3.jpg HTTP/1.1" 200 -
31/Aug/2025 03:46:49 - "GET /images/avatar1.jpg HTTP/1.1" 200 -
31/Aug/2025 03:46:49 - "GET /images/comfortable-home.jpg HTTP/1.1" 200 -
31/Aug/2025 03:46:49 - "GET /images/electrification-plan.jpg HTTP/1.1" 200 -
31/Aug/2025 03:46:49 - "GET /js/script.js HTTP/1.1" 200 -
31/Aug/2025 03:46:49 - code 404, message File not found
31/Aug/2025 03:46:49 - "GET /favicon.ico HTTP/1.1" 404 -
31/Aug/2025 03:48:27 - "GET / HTTP/1.1" 200 -
31/Aug/2025 03:48:27 - "GET /images/heat-pump-exterior.jpg HTTP/1.1" 200 -
31/Aug/2025 03:48:27 - "GET /css/styles.css HTTP/1.1" 200 -
31/Aug/2025 03:48:27 - "GET /images/heat-pump-installation.jpg HTTP/1.1" 200 -
31/Aug/2025 03:48:28 - "GET /images/comfortable-home.jpg HTTP/1.1" 200 -
31/Aug/2025 03:48:28 - "GET /images/avatar1.jpg HTTP/1.1" 200 -
31/Aug/2025 03:48:28 - "GET /images/avatar3.jpg HTTP/1.1" 200 -
31/Aug/2025 03:48:28 - "GET /images/electrification-plan.jpg HTTP/1.1" 200 -
31/Aug/2025 03:48:28 - "GET /js/script.js HTTP/1.1" 200 -
31/Aug/2025 03:48:28 - "GET /images/avatar2.jpg HTTP/1.1" 200 -
31/Aug/2025 03:48:29 - "GET /favicon.ico HTTP/1.1" 200 -
31/Aug/2025 03:55:46 - "GET / HTTP/1.1" 304 -
31/Aug/2025 03:55:46 - "GET /css/styles.css HTTP/1.1" 304 -
31/Aug/2025 03:55:46 - "GET /images/heat-pump-exterior.jpg HTTP/1.1" 304 -
31/Aug/2025 03:55:46 - "GET /images/heat-pump-installation.jpg HTTP/1.1" 304 -
31/Aug/2025 03:55:47 - "GET /images/avatar1.jpg HTTP/1.1" 304 -
31/Aug/2025 03:55:47 - "GET /images/comfortable-home.jpg HTTP/1.1" 304 -
31/Aug/2025 03:55:47 - "GET /images/electrification-plan.jpg HTTP/1.1" 304 -
31/Aug/2025 03:55:47 - "GET /js/script.js HTTP/1.1" 304 -
31/Aug/2025 03:55:47 - "GET /images/avatar2.jpg HTTP/1.1" 304 -
31/Aug/2025 03:55:47 - "GET /images/avatar3.jpg HTTP/1.1" 304 -
31/Aug/2025 04:07:33 - "GET /manual-j-assessment.html HTTP/1.1" 200 -
31/Aug/2025 04:07:33 - "GET /js/manual-j-calculator.js HTTP/1.1" 200 -
31/Aug/2025 04:07:33 - "GET /js/manual-j-interface.js HTTP/1.1" 200 -
31/Aug/2025 04:07:33 - "GET /css/manual-j.css HTTP/1.1" 200 -
31/Aug/2025 04:07:33 - "GET /css/styles.css HTTP/1.1" 200 -
31/Aug/2025 04:07:33 - "GET /favicon.ico HTTP/1.1" 200 -
31/Aug/2025 04:08:12 - "GET / HTTP/1.1" 200 -
31/Aug/2025 04:08:12 - "GET /css/styles.css HTTP/1.1" 200 -
31/Aug/2025 04:08:12 - "GET /images/electrification-plan.jpg HTTP/1.1" 200 -
31/Aug/2025 04:08:12 - "GET /images/avatar1.jpg HTTP/1.1" 200 -
31/Aug/2025 04:08:12 - "GET /js/script.js HTTP/1.1" 200 -
31/Aug/2025 04:08:12 - "GET /images/avatar2.jpg HTTP/1.1" 200 -
31/Aug/2025 04:08:12 - "GET /images/comfortable-home.jpg HTTP/1.1" 200 -
31/Aug/2025 04:08:12 - "GET /images/heat-pump-exterior.jpg HTTP/1.1" 200 -
31/Aug/2025 04:08:12 - "GET /images/heat-pump-installation.jpg HTTP/1.1" 200 -
31/Aug/2025 04:08:12 - "GET /images/avatar3.jpg HTTP/1.1" 200 -
31/Aug/2025 04:08:12 - "GET /favicon.ico HTTP/1.1" 200 -
31/Aug/2025 05:35:38 - "GET / HTTP/1.1" 200 -
31/Aug/2025 05:35:38 - "GET /images/heat-pump-exterior.jpg HTTP/1.1" 200 -
31/Aug/2025 05:35:38 - "GET /images/heat-pump-installation.jpg HTTP/1.1" 200 -
31/Aug/2025 05:35:38 - "GET /css/styles.css HTTP/1.1" 200 -
31/Aug/2025 05:35:38 - "GET /images/electrification-plan.jpg HTTP/1.1" 200 -
31/Aug/2025 05:35:38 - "GET /images/comfortable-home.jpg HTTP/1.1" 200 -
31/Aug/2025 05:35:38 - "GET /js/script.js HTTP/1.1" 200 -
31/Aug/2025 05:35:38 - "GET /images/avatar1.jpg HTTP/1.1" 200 -
31/Aug/2025 05:35:38 - "GET /images/avatar3.jpg HTTP/1.1" 200 -
31/Aug/2025 05:35:38 - "GET /images/avatar2.jpg HTTP/1.1" 200 -
31/Aug/2025 05:35:38 - "GET /favicon.ico HTTP/1.1" 200 -
31/Aug/2025 05:35:43 - "GET / HTTP/1.1" 200 -
31/Aug/2025 05:35:43 - "GET /images/comfortable-home.jpg HTTP/1.1" 200 -
31/Aug/2025 05:35:43 - "GET /images/avatar3.jpg HTTP/1.1" 200 -
31/Aug/2025 05:35:43 - "GET /images/heat-pump-installation.jpg HTTP/1.1" 200 -
31/Aug/2025 05:35:43 - "GET /images/heat-pump-exterior.jpg HTTP/1.1" 200 -
31/Aug/2025 05:35:43 - "GET /js/script.js HTTP/1.1" 200 -
31/Aug/2025 05:35:43 - "GET /images/avatar1.jpg HTTP/1.1" 200 -
31/Aug/2025 05:35:43 - "GET /images/electrification-plan.jpg HTTP/1.1" 200 -
31/Aug/2025 05:35:44 - "GET /css/styles.css HTTP/1.1" 200 -
31/Aug/2025 05:35:44 - "GET /images/avatar2.jpg HTTP/1.1" 200 -
31/Aug/2025 05:35:44 - "GET /favicon.ico HTTP/1.1" 200 -
31/Aug/2025 05:36:00 - "GET /manual-j-assessment.html HTTP/1.1" 200 -
31/Aug/2025 05:36:00 - "GET /js/manual-j-interface.js HTTP/1.1" 200 -
31/Aug/2025 05:36:00 - "GET /css/manual-j.css HTTP/1.1" 200 -
31/Aug/2025 05:36:00 - "GET /css/styles.css HTTP/1.1" 200 -
31/Aug/2025 05:36:00 - "GET /js/manual-j-calculator.js HTTP/1.1" 200 -
31/Aug/2025 05:36:00 - "GET /favicon.ico HTTP/1.1" 200 -
31/Aug/2025 05:40:36 - "GET / HTTP/1.1" 200 -
31/Aug/2025 05:40:36 - "GET /css/styles.css HTTP/1.1" 200 -
31/Aug/2025 05:40:36 - "GET /css/mobile-fixes.css HTTP/1.1" 200 -
31/Aug/2025 05:40:36 - "GET /images/avatar3.jpg HTTP/1.1" 200 -
31/Aug/2025 05:40:36 - "GET /js/script.js HTTP/1.1" 200 -
31/Aug/2025 05:40:36 - "GET /js/performance-optimizations.js HTTP/1.1" 200 -
31/Aug/2025 05:40:36 - "GET /images/heat-pump-exterior.jpg HTTP/1.1" 200 -
31/Aug/2025 05:40:36 - "GET /images/heat-pump-installation.jpg HTTP/1.1" 200 -
31/Aug/2025 05:40:36 - "GET /images/electrification-plan.jpg HTTP/1.1" 200 -
31/Aug/2025 05:40:36 - "GET /images/avatar2.jpg HTTP/1.1" 200 -
31/Aug/2025 05:40:37 - "GET /js/ui-fixes.js HTTP/1.1" 200 -
31/Aug/2025 05:40:37 - "GET /images/comfortable-home.jpg HTTP/1.1" 200 -
31/Aug/2025 05:40:37 - "GET /images/avatar1.jpg HTTP/1.1" 200 -
31/Aug/2025 05:40:38 - "GET /sw.js HTTP/1.1" 200 -
31/Aug/2025 05:40:38 - "GET /favicon.ico HTTP/1.1" 200 -
31/Aug/2025 05:40:38 - "GET /manual-j-assessment.html HTTP/1.1" 200 -
31/Aug/2025 05:40:38 - "GET /index.html HTTP/1.1" 200 -
31/Aug/2025 05:40:38 - "GET / HTTP/1.1" 304 -
31/Aug/2025 05:40:38 - "GET /css/manual-j.css HTTP/1.1" 200 -
31/Aug/2025 05:40:38 - "GET /js/manual-j-interface.js HTTP/1.1" 200 -
31/Aug/2025 05:40:38 - "GET /js/manual-j-calculator.js HTTP/1.1" 200 -
